TID: [2025-01-23 22:10:59,008]  INFO {org.wso2.config.mapper.ConfigParser} - Initializing configurations with deployment configurations {org.wso2.config.mapper.ConfigParser}
TID: [] [] [2025-01-23 22:11:02,434] []  INFO {org.ops4j.pax.logging.spi.support.EventAdminConfigurationNotifier} - Sending Event Admin notification (configuration successful) to org/ops4j/pax/logging/Configuration
TID: [] [] [2025-01-23 22:11:02,590] []  INFO {org.wso2.carbon.core.internal.CarbonCoreActivator} - Starting WSO2 Carbon...
TID: [] [] [2025-01-23 22:11:02,590] []  INFO {org.wso2.carbon.core.internal.CarbonCoreActivator} - Operating System : Linux 6.1.0-28-amd64, amd64
TID: [] [] [2025-01-23 22:11:02,590] []  INFO {org.wso2.carbon.core.internal.CarbonCoreActivator} - Java Home        : /usr/lib/jvm/java-17-openjdk-amd64
TID: [] [] [2025-01-23 22:11:02,590] []  INFO {org.wso2.carbon.core.internal.CarbonCoreActivator} - Java Version     : 17.0.13
TID: [] [] [2025-01-23 22:11:02,591] []  INFO {org.wso2.carbon.core.internal.CarbonCoreActivator} - Java VM          : OpenJDK 64-Bit Server VM 17.0.13+11-Debian-2deb12u1,Debian
TID: [] [] [2025-01-23 22:11:02,591] []  INFO {org.wso2.carbon.core.internal.CarbonCoreActivator} - Carbon Home      : /home/chostim/wso2/wso2is-7.0.0
TID: [] [] [2025-01-23 22:11:02,591] []  INFO {org.wso2.carbon.core.internal.CarbonCoreActivator} - Java Temp Dir    : /home/chostim/wso2/wso2is-7.0.0/tmp
TID: [] [] [2025-01-23 22:11:02,591] []  INFO {org.wso2.carbon.core.internal.CarbonCoreActivator} - User             : chostim, en-US, America/Guayaquil
TID: [] [] [2025-01-23 22:11:02,926] []  INFO {org.wso2.carbon.event.output.adapter.kafka.internal.ds.KafkaEventAdapterServiceDS} - Successfully deployed the Kafka output event adaptor service
TID: [] [] [2025-01-23 22:11:03,071] []  INFO {org.wso2.carbon.extension.identity.verification.provider.internal.IdVProviderMgtServiceComponent} - IdVProviderMgtService bundle activated successfully.
TID: [] [] [2025-01-23 22:11:03,354] []  INFO {org.wso2.carbon.identity.hash.provider.pbkdf2.internal.PBKDF2HashServiceComponent} - PBKDF2 bundle activated successfully.
TID: [] [] [2025-01-23 22:11:03,990] []  INFO {org.wso2.carbon.identity.user.onboard.core.service.internal.ServiceComponent} - User onboard api core service component activated successfully.
TID: [] [] [2025-01-23 22:11:04,188] []  INFO {org.wso2.carbon.mex.internal.Office365SupportMexComponent} - Office365Support MexServiceComponent bundle activated successfully..
TID: [] [] [2025-01-23 22:11:04,205] []  INFO {org.wso2.carbon.mex2.internal.DynamicCRMCustomMexComponent} - DynamicCRMSupport MexServiceComponent bundle activated successfully.
TID: [] [] [2025-01-23 22:11:06,294] []  INFO {org.wso2.carbon.consent.mgt.core.internal.ConsentManagerComponent} - ConsentManagerComponent is activated.
TID: [] [] [2025-01-23 22:11:06,306] []  INFO {org.wso2.carbon.extension.identity.verification.mgt.internal.IdentityVerificationServiceComponent} - IdentityVerificationService bundle activated successfully.
TID: [] [] [2025-01-23 22:11:06,612] []  INFO {org.wso2.carbon.registry.core.jdbc.EmbeddedRegistryService} - Configured Registry in 79ms
TID: [] [] [2025-01-23 22:11:06,701] []  INFO {org.wso2.carbon.registry.core.jdbc.EmbeddedRegistryService} - Connected to mount at configregistry in 6ms
TID: [] [] [2025-01-23 22:11:06,702] []  INFO {org.wso2.carbon.registry.core.jdbc.EmbeddedRegistryService} - Connected to mount at govregistry in 7ms
TID: [] [] [2025-01-23 22:11:06,859] []  INFO {org.wso2.carbon.registry.core.jdbc.EmbeddedRegistryService} - Connected to mount at configregistry in 0ms
TID: [] [] [2025-01-23 22:11:06,860] []  INFO {org.wso2.carbon.registry.core.jdbc.EmbeddedRegistryService} - Connected to mount at govregistry in 1ms
TID: [] [] [2025-01-23 22:11:06,873] []  INFO {org.wso2.carbon.registry.core.internal.RegistryCoreServiceComponent} - Registry Mode    : READ-WRITE
TID: [] [] [2025-01-23 22:11:06,918] []  INFO {org.apache.jasper.servlet.TldScanner} - At least one JAR was scanned for TLDs yet contained no TLDs. Enable debug logging for this logger for a complete list of JARs that were scanned but no TLDs were found in them. Skipping unneeded JARs during scanning can improve startup time and JSP compilation time.
TID: [] [] [2025-01-23 22:11:08,765] []  INFO {org.wso2.carbon.registry.indexing.solr.SolrClient} - Default Embedded Solr Server Initialized
TID: [] [] [2025-01-23 22:11:09,114] []  INFO {org.wso2.carbon.user.core.internal.UserStoreMgtDSComponent} - Carbon UserStoreMgtDSComponent activated successfully.
TID: [] [] [2025-01-23 22:11:09,558] []  INFO {org.wso2.carbon.identity.user.store.configuration.deployer.UserStoreConfigurationDeployer} - User Store Configuration Deployer initiated.
TID: [] [] [2025-01-23 22:11:09,559] []  INFO {org.wso2.carbon.identity.user.store.configuration.deployer.UserStoreConfigurationDeployer} - User Store Configuration Deployer initiated.
TID: [] [] [2025-01-23 22:11:09,564] []  INFO {org.apache.axis2.transport.mail.MailTransportSender} - MAILTO Sender started
TID: [] [] [2025-01-23 22:11:09,715] []  INFO {org.wso2.carbon.core.deployment.DeploymentInterceptor} - Deploying Axis2 service: AdminAdvisoryManagementService {super-tenant}
TID: [] [] [2025-01-23 22:11:09,966] []  INFO {org.wso2.carbon.core.deployment.DeploymentInterceptor} - Deploying Axis2 service: I18nEmailMgtConfigService {super-tenant}
TID: [] [] [2025-01-23 22:11:10,611] []  INFO {org.wso2.carbon.core.deployment.DeploymentInterceptor} - Deploying Axis2 service: AccountCredentialMgtConfigService {super-tenant}
TID: [] [] [2025-01-23 22:11:10,612] []  INFO {org.wso2.carbon.core.deployment.DeploymentInterceptor} - Deploying Axis2 service: UserIdentityManagementAdminService {super-tenant}
TID: [] [] [2025-01-23 22:11:10,613] []  INFO {org.wso2.carbon.core.deployment.DeploymentInterceptor} - Deploying Axis2 service: UserInformationRecoveryService {super-tenant}
TID: [] [] [2025-01-23 22:11:10,728] []  INFO {org.wso2.carbon.core.deployment.DeploymentInterceptor} - Deploying Axis2 service: SAMLQueryService {super-tenant}
TID: [] [] [2025-01-23 22:11:11,122] []  INFO {org.wso2.carbon.core.deployment.DeploymentInterceptor} - Deploying Axis2 service: mex-ut {super-tenant}
TID: [] [] [2025-01-23 22:11:11,126] []  INFO {org.wso2.carbon.core.deployment.DeploymentInterceptor} - Deploying Axis2 service: mex-ut2 {super-tenant}
TID: [] [] [2025-01-23 22:11:11,922] []  INFO {org.wso2.carbon.core.init.CarbonServerManager} - Repository       : /home/chostim/wso2/wso2is-7.0.0/repository/deployment/server/
TID: [] [] [2025-01-23 22:11:11,960] []  INFO {org.wso2.carbon.core.multitenancy.eager.TenantLoadingConfig} - Using tenant lazy loading policy...
TID: [] [] [2025-01-23 22:11:11,977] []  INFO {org.wso2.carbon.core.internal.permission.update.PermissionUpdater} - Permission cache updated for tenant -1234
TID: [] [] [2025-01-23 22:11:12,863] []  INFO {org.wso2.carbon.user.core.internal.UserStoreMgtDSComponent} - Claim manager set for class org.wso2.carbon.user.core.common.DefaultRealm
TID: [] [] [2025-01-23 22:11:12,865] []  INFO {org.wso2.carbon.user.core.internal.UserStoreMgtDSComponent} - Claim manager set for class org.wso2.carbon.user.core.jdbc.UniqueIDJDBCUserStoreManager
TID: [] [] [2025-01-23 22:11:13,170] []  INFO {org.wso2.carbon.identity.organization.discovery.service.internal.OrganizationDiscoveryServiceComponent} - Organization discovery service component activated successfully.
TID: [] [] [2025-01-23 22:11:13,378] []  WARN {org.wso2.carbon.identity.auth.service.internal.AuthenticationServiceComponent} - 

##################################  ALERT  ##################################
[WARNING]: Internal authentication is utilizing default credentials,
which may expose the environment to potential security risks.
If this is a production environment, change the credentials immediately.
#############################################################################

TID: [] [] [2025-01-23 22:11:13,391] []  INFO {org.wso2.carbon.identity.organization.management.tenant.association.internal.TenantAssociationServiceComponent} - Organization management related TenantAssociationManagementListener registered successfully.
TID: [] [] [2025-01-23 22:11:14,052] []  INFO {org.wso2.carbon.identity.authenticator.x509Certificate.internal.X509CertificateServiceComponent} - X509 Certificate Servlet activated successfully..
TID: [] [] [2025-01-23 22:11:14,361] []  INFO {org.wso2.carbon.identity.local.auth.api.core.internal.AuthAPIServiceComponent} - Auth API Service Component  is activated.
TID: [] [] [2025-01-23 22:11:14,498] []  INFO {org.wso2.balana.ConfigurationStore} - Loading runtime configuration
TID: [] [] [2025-01-23 22:11:14,594] []  INFO {org.wso2.carbon.identity.entitlement.internal.SchemaBuilder} - XACML policy schema loaded successfully.
TID: [] [] [2025-01-23 22:11:15,543] []  INFO {org.wso2.carbon.identity.organization.user.invitation.management.internal.UserInvitationMgtServiceComponent} - Organization User Invitation Mgt component activated successfully.
TID: [] [] [2025-01-23 22:11:15,546] []  INFO {org.wso2.carbon.identity.organization.user.invitation.management.internal.UserInvitationMgtServiceComponent} - Organization User Invitation Handler activated successfully.
TID: [] [] [2025-01-23 22:11:15,551] []  INFO {org.wso2.carbon.identity.organization.management.organization.user.sharing.internal.OrganizationUserSharingServiceComponent} - OrganizationUserSharingServiceComponent activated successfully.
TID: [] [] [2025-01-23 22:11:15,819] []  WARN {org.wso2.carbon.identity.application.authentication.framework.internal.FrameworkServiceComponent} - Adaptive authentication is disabled.
TID: [] [] [2025-01-23 22:11:15,920] []  INFO {org.wso2.carbon.identity.application.authentication.framework.store.SessionDataStore} - Thread pool size for temporary authentication context data delete task: 20
TID: [] [] [2025-01-23 22:11:16,142] []  INFO {org.wso2.carbon.identity.oauth.config.OAuthServerConfiguration} - The default OAuth token issuer will be used. No custom token generator is set.
TID: [] [] [2025-01-23 22:11:16,143] []  INFO {org.wso2.carbon.identity.oauth.config.OAuthServerConfiguration} - An instance of org.wso2.carbon.identity.oauth2.token.OauthTokenIssuerImpl is created for Identity OAuth token generation.
TID: [] [] [2025-01-23 22:11:16,158] []  INFO {org.opensaml.core.config.InitializationService} - Initializing OpenSAML using the Java Services API
TID: [] [] [2025-01-23 22:11:19,016] []  INFO {org.wso2.carbon.event.publisher.core.EventPublisherDeployer} - Event Publisher deployment held back and in inactive state :EmailPublisher.xml, Stream validation exception : Stream id_gov_notify_stream:1.0.0 does not exist
TID: [] [] [2025-01-23 22:11:19,028] []  INFO {org.wso2.carbon.event.publisher.core.internal.util.helper.EventPublisherConfigurationFilesystemInvoker} - Event Publisher configuration deleted from the file system : IsAnalytics-Publisher-wso2event-AuthenticationData-1.1.0.xml
TID: [] [] [2025-01-23 22:11:19,029] []  INFO {org.wso2.carbon.event.publisher.core.EventPublisherDeployer} - Event Publisher undeployed successfully : IsAnalytics-Publisher-wso2event-AuthenticationData-1.1.0.xml
TID: [] [] [2025-01-23 22:11:19,069] []  INFO {org.wso2.carbon.event.publisher.core.internal.util.helper.EventPublisherConfigurationFilesystemInvoker} - Event Publisher configuration saved in the filesystem : IsAnalytics-Publisher-wso2event-AuthenticationData-1.1.0.xml
TID: [] [] [2025-01-23 22:11:19,071] []  INFO {org.wso2.carbon.event.publisher.core.EventPublisherDeployer} - Event Publisher deployment held back and in inactive state :IsAnalytics-Publisher-wso2event-AuthenticationData-1.1.0.xml, Stream validation exception : Stream org.wso2.is.analytics.stream.OverallAuthentication:1.1.0 does not exist
TID: [] [] [2025-01-23 22:11:19,073] []  INFO {org.wso2.carbon.event.publisher.core.EventPublisherDeployer} - Event Publisher deployment held back and in inactive state :IsAnalytics-Publisher-wso2event-AuthenticationData.xml, Stream validation exception : Stream org.wso2.is.analytics.stream.OverallAuthentication:1.0.0 does not exist
TID: [] [] [2025-01-23 22:11:19,074] []  INFO {org.wso2.carbon.event.publisher.core.internal.util.helper.EventPublisherConfigurationFilesystemInvoker} - Event Publisher configuration deleted from the file system : IsAnalytics-Publisher-wso2event-OauthTokenIssueRefresh.xml
TID: [] [] [2025-01-23 22:11:19,075] []  INFO {org.wso2.carbon.event.publisher.core.EventPublisherDeployer} - Event Publisher undeployed successfully : IsAnalytics-Publisher-wso2event-OauthTokenIssueRefresh.xml
TID: [] [] [2025-01-23 22:11:19,078] []  INFO {org.wso2.carbon.event.publisher.core.internal.util.helper.EventPublisherConfigurationFilesystemInvoker} - Event Publisher configuration saved in the filesystem : IsAnalytics-Publisher-wso2event-OauthTokenIssueRefresh.xml
TID: [] [] [2025-01-23 22:11:19,079] []  INFO {org.wso2.carbon.event.publisher.core.EventPublisherDeployer} - Event Publisher deployment held back and in inactive state :IsAnalytics-Publisher-wso2event-OauthTokenIssueRefresh.xml, Stream validation exception : Stream org.wso2.is.analytics.stream.OauthTokenIssuance:1.0.0 does not exist
TID: [] [] [2025-01-23 22:11:19,080] []  INFO {org.wso2.carbon.event.publisher.core.internal.util.helper.EventPublisherConfigurationFilesystemInvoker} - Event Publisher configuration deleted from the file system : IsAnalytics-Publisher-wso2event-OauthTokenRevocation.xml
TID: [] [] [2025-01-23 22:11:19,080] []  INFO {org.wso2.carbon.event.publisher.core.EventPublisherDeployer} - Event Publisher undeployed successfully : IsAnalytics-Publisher-wso2event-OauthTokenRevocation.xml
TID: [] [] [2025-01-23 22:11:19,083] []  INFO {org.wso2.carbon.event.publisher.core.internal.util.helper.EventPublisherConfigurationFilesystemInvoker} - Event Publisher configuration saved in the filesystem : IsAnalytics-Publisher-wso2event-OauthTokenRevocation.xml
TID: [] [] [2025-01-23 22:11:19,084] []  INFO {org.wso2.carbon.event.publisher.core.EventPublisherDeployer} - Event Publisher deployment held back and in inactive state :IsAnalytics-Publisher-wso2event-OauthTokenRevocation.xml, Stream validation exception : Stream org.wso2.is.analytics.stream.OauthTokenRevocation:1.0.0 does not exist
TID: [] [] [2025-01-23 22:11:19,085] []  INFO {org.wso2.carbon.event.publisher.core.internal.util.helper.EventPublisherConfigurationFilesystemInvoker} - Event Publisher configuration deleted from the file system : IsAnalytics-Publisher-wso2event-OauthTokenValidation.xml
TID: [] [] [2025-01-23 22:11:19,085] []  INFO {org.wso2.carbon.event.publisher.core.EventPublisherDeployer} - Event Publisher undeployed successfully : IsAnalytics-Publisher-wso2event-OauthTokenValidation.xml
TID: [] [] [2025-01-23 22:11:19,088] []  INFO {org.wso2.carbon.event.publisher.core.internal.util.helper.EventPublisherConfigurationFilesystemInvoker} - Event Publisher configuration saved in the filesystem : IsAnalytics-Publisher-wso2event-OauthTokenValidation.xml
TID: [] [] [2025-01-23 22:11:19,090] []  INFO {org.wso2.carbon.event.publisher.core.EventPublisherDeployer} - Event Publisher deployment held back and in inactive state :IsAnalytics-Publisher-wso2event-OauthTokenValidation.xml, Stream validation exception : Stream org.wso2.is.analytics.stream.OauthTokenValidation:1.0.0 does not exist
TID: [] [] [2025-01-23 22:11:19,091] []  INFO {org.wso2.carbon.event.publisher.core.internal.util.helper.EventPublisherConfigurationFilesystemInvoker} - Event Publisher configuration deleted from the file system : IsAnalytics-Publisher-wso2event-RoleData.xml
TID: [] [] [2025-01-23 22:11:19,091] []  INFO {org.wso2.carbon.event.publisher.core.EventPublisherDeployer} - Event Publisher undeployed successfully : IsAnalytics-Publisher-wso2event-RoleData.xml
TID: [] [] [2025-01-23 22:11:19,094] []  INFO {org.wso2.carbon.event.publisher.core.internal.util.helper.EventPublisherConfigurationFilesystemInvoker} - Event Publisher configuration saved in the filesystem : IsAnalytics-Publisher-wso2event-RoleData.xml
TID: [] [] [2025-01-23 22:11:19,095] []  INFO {org.wso2.carbon.event.publisher.core.EventPublisherDeployer} - Event Publisher deployment held back and in inactive state :IsAnalytics-Publisher-wso2event-RoleData.xml, Stream validation exception : Stream org.wso2.is.analytics.stream.OverallRoleData:1.0.0 does not exist
TID: [] [] [2025-01-23 22:11:19,096] []  INFO {org.wso2.carbon.event.publisher.core.EventPublisherDeployer} - Event Publisher deployment held back and in inactive state :IsAnalytics-Publisher-wso2event-SessionData.xml, Stream validation exception : Stream org.wso2.is.analytics.stream.OverallSession:1.0.1 does not exist
TID: [] [] [2025-01-23 22:11:19,097] []  INFO {org.wso2.carbon.event.publisher.core.internal.util.helper.EventPublisherConfigurationFilesystemInvoker} - Event Publisher configuration deleted from the file system : IsAnalytics-Publisher-wso2event-UserData.xml
TID: [] [] [2025-01-23 22:11:19,097] []  INFO {org.wso2.carbon.event.publisher.core.EventPublisherDeployer} - Event Publisher undeployed successfully : IsAnalytics-Publisher-wso2event-UserData.xml
TID: [] [] [2025-01-23 22:11:19,100] []  INFO {org.wso2.carbon.event.publisher.core.internal.util.helper.EventPublisherConfigurationFilesystemInvoker} - Event Publisher configuration saved in the filesystem : IsAnalytics-Publisher-wso2event-UserData.xml
TID: [] [] [2025-01-23 22:11:19,101] []  INFO {org.wso2.carbon.event.publisher.core.EventPublisherDeployer} - Event Publisher deployment held back and in inactive state :IsAnalytics-Publisher-wso2event-UserData.xml, Stream validation exception : Stream org.wso2.is.analytics.stream.OverallUserData:1.0.0 does not exist
TID: [] [] [2025-01-23 22:11:19,102] []  INFO {org.wso2.carbon.event.publisher.core.EventPublisherDeployer} - Event Publisher deployment held back and in inactive state :SMSPublisher.xml, Stream validation exception : Stream id_gov_sms_notify_stream:1.0.0 does not exist
TID: [] [] [2025-01-23 22:11:19,109] []  INFO {org.wso2.carbon.event.publisher.core.EventPublisherDeployer} - Event Publisher undeployed successfully : EmailPublisher.xml
TID: [] [] [2025-01-23 22:11:19,130] []  INFO {org.wso2.carbon.event.stream.core.internal.EventJunction} - WSO2EventConsumer added to the junction. Stream:id_gov_notify_stream:1.0.0
TID: [] [] [2025-01-23 22:11:19,132] []  INFO {org.wso2.carbon.event.publisher.core.EventPublisherDeployer} - Event Publisher configuration successfully deployed and in active state : EmailPublisher
TID: [] [] [2025-01-23 22:11:19,133] []  INFO {org.wso2.carbon.event.stream.core.EventStreamDeployer} - Stream definition is deployed successfully  : id_gov_notify_stream:1.0.0
TID: [] [] [2025-01-23 22:11:19,133] []  INFO {org.wso2.carbon.event.publisher.core.EventPublisherDeployer} - Event Publisher undeployed successfully : SMSPublisher.xml
TID: [] [] [2025-01-23 22:11:19,135] []  INFO {org.wso2.carbon.event.stream.core.internal.EventJunction} - WSO2EventConsumer added to the junction. Stream:id_gov_sms_notify_stream:1.0.0
TID: [] [] [2025-01-23 22:11:19,137] []  INFO {org.wso2.carbon.event.publisher.core.EventPublisherDeployer} - Event Publisher configuration successfully deployed and in active state : SMSPublisher
TID: [] [] [2025-01-23 22:11:19,137] []  INFO {org.wso2.carbon.event.stream.core.EventStreamDeployer} - Stream definition is deployed successfully  : id_gov_sms_notify_stream:1.0.0
TID: [] [] [2025-01-23 22:11:19,140] []  INFO {org.wso2.carbon.event.publisher.core.EventPublisherDeployer} - Event Publisher undeployed successfully : IsAnalytics-Publisher-wso2event-OauthTokenIssueRefresh.xml
TID: [] [] [2025-01-23 22:11:19,143] []  INFO {org.wso2.carbon.event.stream.core.internal.EventJunction} - WSO2EventConsumer added to the junction. Stream:org.wso2.is.analytics.stream.OauthTokenIssuance:1.0.0
TID: [] [] [2025-01-23 22:11:19,145] []  INFO {org.wso2.carbon.event.publisher.core.EventPublisherDeployer} - Event Publisher configuration successfully deployed and in active state : IsAnalytics-Publisher-wso2event-OauthTokenIssueRefresh
TID: [] [] [2025-01-23 22:11:19,145] []  INFO {org.wso2.carbon.event.stream.core.EventStreamDeployer} - Stream definition is deployed successfully  : org.wso2.is.analytics.stream.OauthTokenIssuance:1.0.0
TID: [] [] [2025-01-23 22:11:19,147] []  INFO {org.wso2.carbon.event.publisher.core.EventPublisherDeployer} - Event Publisher undeployed successfully : IsAnalytics-Publisher-wso2event-OauthTokenRevocation.xml
TID: [] [] [2025-01-23 22:11:19,149] []  INFO {org.wso2.carbon.event.stream.core.internal.EventJunction} - WSO2EventConsumer added to the junction. Stream:org.wso2.is.analytics.stream.OauthTokenRevocation:1.0.0
TID: [] [] [2025-01-23 22:11:19,149] []  INFO {org.wso2.carbon.event.publisher.core.EventPublisherDeployer} - Event Publisher configuration successfully deployed and in active state : IsAnalytics-Publisher-wso2event-OauthTokenRevocation
TID: [] [] [2025-01-23 22:11:19,149] []  INFO {org.wso2.carbon.event.stream.core.EventStreamDeployer} - Stream definition is deployed successfully  : org.wso2.is.analytics.stream.OauthTokenRevocation:1.0.0
TID: [] [] [2025-01-23 22:11:19,151] []  INFO {org.wso2.carbon.event.publisher.core.EventPublisherDeployer} - Event Publisher undeployed successfully : IsAnalytics-Publisher-wso2event-OauthTokenValidation.xml
TID: [] [] [2025-01-23 22:11:19,152] []  INFO {org.wso2.carbon.event.stream.core.internal.EventJunction} - WSO2EventConsumer added to the junction. Stream:org.wso2.is.analytics.stream.OauthTokenValidation:1.0.0
TID: [] [] [2025-01-23 22:11:19,153] []  INFO {org.wso2.carbon.event.publisher.core.EventPublisherDeployer} - Event Publisher configuration successfully deployed and in active state : IsAnalytics-Publisher-wso2event-OauthTokenValidation
TID: [] [] [2025-01-23 22:11:19,153] []  INFO {org.wso2.carbon.event.stream.core.EventStreamDeployer} - Stream definition is deployed successfully  : org.wso2.is.analytics.stream.OauthTokenValidation:1.0.0
TID: [] [] [2025-01-23 22:11:19,155] []  INFO {org.wso2.carbon.event.publisher.core.EventPublisherDeployer} - Event Publisher undeployed successfully : IsAnalytics-Publisher-wso2event-AuthenticationData.xml
TID: [] [] [2025-01-23 22:11:19,157] []  INFO {org.wso2.carbon.event.stream.core.internal.EventJunction} - WSO2EventConsumer added to the junction. Stream:org.wso2.is.analytics.stream.OverallAuthentication:1.0.0
TID: [] [] [2025-01-23 22:11:19,158] []  INFO {org.wso2.carbon.event.publisher.core.EventPublisherDeployer} - Event Publisher configuration successfully deployed and in active state : IsAnalytics-Publisher-wso2event-AuthenticationData
TID: [] [] [2025-01-23 22:11:19,158] []  INFO {org.wso2.carbon.event.stream.core.EventStreamDeployer} - Stream definition is deployed successfully  : org.wso2.is.analytics.stream.OverallAuthentication:1.0.0
TID: [] [] [2025-01-23 22:11:19,160] []  INFO {org.wso2.carbon.event.publisher.core.EventPublisherDeployer} - Event Publisher undeployed successfully : IsAnalytics-Publisher-wso2event-AuthenticationData-1.1.0.xml
TID: [] [] [2025-01-23 22:11:19,162] []  INFO {org.wso2.carbon.event.stream.core.internal.EventJunction} - WSO2EventConsumer added to the junction. Stream:org.wso2.is.analytics.stream.OverallAuthentication:1.1.0
TID: [] [] [2025-01-23 22:11:19,163] []  INFO {org.wso2.carbon.event.publisher.core.EventPublisherDeployer} - Event Publisher configuration successfully deployed and in active state : IsAnalytics-Publisher-wso2event-AuthenticationData-1.1.0
TID: [] [] [2025-01-23 22:11:19,163] []  INFO {org.wso2.carbon.event.stream.core.EventStreamDeployer} - Stream definition is deployed successfully  : org.wso2.is.analytics.stream.OverallAuthentication:1.1.0
TID: [] [] [2025-01-23 22:11:19,164] []  INFO {org.wso2.carbon.event.publisher.core.EventPublisherDeployer} - Event Publisher undeployed successfully : IsAnalytics-Publisher-wso2event-RoleData.xml
TID: [] [] [2025-01-23 22:11:19,165] []  INFO {org.wso2.carbon.event.stream.core.internal.EventJunction} - WSO2EventConsumer added to the junction. Stream:org.wso2.is.analytics.stream.OverallRoleData:1.0.0
TID: [] [] [2025-01-23 22:11:19,166] []  INFO {org.wso2.carbon.event.publisher.core.EventPublisherDeployer} - Event Publisher configuration successfully deployed and in active state : IsAnalytics-Publisher-wso2event-RoleData
TID: [] [] [2025-01-23 22:11:19,166] []  INFO {org.wso2.carbon.event.stream.core.EventStreamDeployer} - Stream definition is deployed successfully  : org.wso2.is.analytics.stream.OverallRoleData:1.0.0
TID: [] [] [2025-01-23 22:11:19,167] []  INFO {org.wso2.carbon.event.stream.core.EventStreamDeployer} - Stream definition is deployed successfully  : org.wso2.is.analytics.stream.OverallSession:1.0.0
TID: [] [] [2025-01-23 22:11:19,169] []  INFO {org.wso2.carbon.event.publisher.core.EventPublisherDeployer} - Event Publisher undeployed successfully : IsAnalytics-Publisher-wso2event-SessionData.xml
TID: [] [] [2025-01-23 22:11:19,170] []  INFO {org.wso2.carbon.event.stream.core.internal.EventJunction} - WSO2EventConsumer added to the junction. Stream:org.wso2.is.analytics.stream.OverallSession:1.0.1
TID: [] [] [2025-01-23 22:11:19,171] []  INFO {org.wso2.carbon.event.publisher.core.EventPublisherDeployer} - Event Publisher configuration successfully deployed and in active state : IsAnalytics-Publisher-wso2event-SessionData
TID: [] [] [2025-01-23 22:11:19,171] []  INFO {org.wso2.carbon.event.stream.core.EventStreamDeployer} - Stream definition is deployed successfully  : org.wso2.is.analytics.stream.OverallSession:1.0.1
TID: [] [] [2025-01-23 22:11:19,172] []  INFO {org.wso2.carbon.event.publisher.core.EventPublisherDeployer} - Event Publisher undeployed successfully : IsAnalytics-Publisher-wso2event-UserData.xml
TID: [] [] [2025-01-23 22:11:19,174] []  INFO {org.wso2.carbon.event.stream.core.internal.EventJunction} - WSO2EventConsumer added to the junction. Stream:org.wso2.is.analytics.stream.OverallUserData:1.0.0
TID: [] [] [2025-01-23 22:11:19,174] []  INFO {org.wso2.carbon.event.publisher.core.EventPublisherDeployer} - Event Publisher configuration successfully deployed and in active state : IsAnalytics-Publisher-wso2event-UserData
TID: [] [] [2025-01-23 22:11:19,175] []  INFO {org.wso2.carbon.event.stream.core.EventStreamDeployer} - Stream definition is deployed successfully  : org.wso2.is.analytics.stream.OverallUserData:1.0.0
TID: [] [] [2025-01-23 22:11:19,353] []  INFO {org.apache.jasper.servlet.TldScanner} - At least one JAR was scanned for TLDs yet contained no TLDs. Enable debug logging for this logger for a complete list of JARs that were scanned but no TLDs were found in them. Skipping unneeded JARs during scanning can improve startup time and JSP compilation time.
TID: [] [] [2025-01-23 22:11:22,993] []  INFO {org.wso2.carbon.webapp.mgt.TomcatGenericWebappsDeployer} - Deployed webapp: StandardEngine[Catalina].StandardHost[localhost].StandardContext[/accountrecoveryendpoint].File[/home/chostim/wso2/wso2is-7.0.0/repository/deployment/server/webapps/accountrecoveryendpoint]
TID: [] [] [2025-01-23 22:11:26,397] []  INFO {org.hibernate.validator.internal.util.Version} - HV000001: Hibernate Validator 6.2.0.Final
TID: [] [] [2025-01-23 22:11:28,218] []  INFO {org.apache.cxf.endpoint.ServerImpl} - Setting the server's publish address to be /server/v1
TID: [] [] [2025-01-23 22:11:28,805] []  INFO {org.apache.cxf.endpoint.ServerImpl} - Setting the server's publish address to be /o/server/v1
TID: [] [] [2025-01-23 22:11:28,821] []  INFO {org.apache.cxf.endpoint.ServerImpl} - Setting the server's publish address to be /idle-account-identification/v1/
TID: [] [] [2025-01-23 22:11:29,079] []  INFO {org.apache.cxf.endpoint.ServerImpl} - Setting the server's publish address to be /users/v1
TID: [] [] [2025-01-23 22:11:29,203] []  INFO {org.apache.cxf.endpoint.ServerImpl} - Setting the server's publish address to be /o/users/v1
TID: [] [] [2025-01-23 22:11:29,230] []  INFO {org.apache.cxf.endpoint.ServerImpl} - Setting the server's publish address to be /users/v1/me/organizations
TID: [] [] [2025-01-23 22:11:29,250] []  INFO {org.apache.cxf.endpoint.ServerImpl} - Setting the server's publish address to be /o/users/v1/me/organizations
TID: [] [] [2025-01-23 22:11:29,312] []  INFO {org.apache.cxf.endpoint.ServerImpl} - Setting the server's publish address to be /users/v2
TID: [] [] [2025-01-23 22:11:29,340] []  INFO {org.apache.cxf.endpoint.ServerImpl} - Setting the server's publish address to be /o/users/v2
TID: [] [] [2025-01-23 22:11:29,428] []  INFO {org.apache.cxf.endpoint.ServerImpl} - Setting the server's publish address to be /identity/config-mgt/v1.0
TID: [] [] [2025-01-23 22:11:29,504] []  INFO {org.apache.cxf.endpoint.ServerImpl} - Setting the server's publish address to be /identity/entitlement/decision
TID: [] [] [2025-01-23 22:11:29,551] []  INFO {org.apache.cxf.endpoint.ServerImpl} - Setting the server's publish address to be /identity/recovery/v0.9
TID: [] [] [2025-01-23 22:11:29,603] []  INFO {org.apache.cxf.endpoint.ServerImpl} - Setting the server's publish address to be /identity/user/v1.0
TID: [] [] [2025-01-23 22:11:29,622] []  INFO {org.apache.cxf.endpoint.ServerImpl} - Setting the server's publish address to be /users/v2/me/webauthn
TID: [] [] [2025-01-23 22:11:29,656] []  INFO {org.apache.cxf.endpoint.ServerImpl} - Setting the server's publish address to be /identity/oauth2/dcr/v1.1
TID: [] [] [2025-01-23 22:11:29,686] []  INFO {org.apache.cxf.endpoint.ServerImpl} - Setting the server's publish address to be /identity/oauth2/v1.0
TID: [] [] [2025-01-23 22:11:29,750] []  INFO {org.apache.cxf.endpoint.ServerImpl} - Setting the server's publish address to be /identity/consent-mgt/v1.0
TID: [] [] [2025-01-23 22:11:29,778] []  INFO {org.apache.cxf.endpoint.ServerImpl} - Setting the server's publish address to be /identity/auth/v1.1
TID: [] [] [2025-01-23 22:11:29,838] []  INFO {org.wso2.carbon.webapp.mgt.TomcatGenericWebappsDeployer} - Deployed webapp: StandardEngine[Catalina].StandardHost[localhost].StandardContext[/api].File[/home/chostim/wso2/wso2is-7.0.0/repository/deployment/server/webapps/api]
TID: [] [] [2025-01-23 22:11:29,934] []  INFO {org.apache.cxf.endpoint.ServerImpl} - Setting the server's publish address to be /
TID: [] [] [2025-01-23 22:11:29,941] []  INFO {org.wso2.carbon.webapp.mgt.TomcatGenericWebappsDeployer} - Deployed webapp: StandardEngine[Catalina].StandardHost[localhost].StandardContext[/api/health-check/v1.0].File[/home/chostim/wso2/wso2is-7.0.0/repository/deployment/server/webapps/api#health-check#v1.0]
TID: [] [] [2025-01-23 22:11:30,017] []  INFO {org.apache.jasper.servlet.TldScanner} - At least one JAR was scanned for TLDs yet contained no TLDs. Enable debug logging for this logger for a complete list of JARs that were scanned but no TLDs were found in them. Skipping unneeded JARs during scanning can improve startup time and JSP compilation time.
TID: [] [] [2025-01-23 22:11:30,024] []  INFO {org.wso2.carbon.identity.application.authentication.endpoint.util.TenantDataManager} - EndpointConfig.properties file loaded from ./repository/conf/identity/EndpointConfig.properties
TID: [] [] [2025-01-23 22:11:30,036] []  INFO {org.wso2.carbon.identity.application.authentication.endpoint.util.MutualSSLManager} - EndpointConfig.properties file loaded from ./repository/conf/identity/EndpointConfig.properties
TID: [] [] [2025-01-23 22:11:30,057] []  INFO {org.wso2.carbon.identity.application.authentication.endpoint.util.EndpointConfigManager} - EndpointConfig.properties file loaded from ./repository/conf/identity/EndpointConfig.properties
TID: [] [] [2025-01-23 22:11:34,951] []  INFO {org.wso2.carbon.webapp.mgt.TomcatGenericWebappsDeployer} - Deployed webapp: StandardEngine[Catalina].StandardHost[localhost].StandardContext[/authenticationendpoint].File[/home/chostim/wso2/wso2is-7.0.0/repository/deployment/server/webapps/authenticationendpoint]
TID: [] [] [2025-01-23 22:11:34,979] []  INFO {org.apache.jasper.servlet.TldScanner} - At least one JAR was scanned for TLDs yet contained no TLDs. Enable debug logging for this logger for a complete list of JARs that were scanned but no TLDs were found in them. Skipping unneeded JARs during scanning can improve startup time and JSP compilation time.
TID: [] [] [2025-01-23 22:11:35,092] []  INFO {org.wso2.carbon.webapp.mgt.TomcatGenericWebappsDeployer} - Deployed webapp: StandardEngine[Catalina].StandardHost[localhost].StandardContext[/console].File[/home/chostim/wso2/wso2is-7.0.0/repository/deployment/server/webapps/console]
TID: [] [] [2025-01-23 22:11:35,120] []  INFO {org.apache.jasper.servlet.TldScanner} - At least one JAR was scanned for TLDs yet contained no TLDs. Enable debug logging for this logger for a complete list of JARs that were scanned but no TLDs were found in them. Skipping unneeded JARs during scanning can improve startup time and JSP compilation time.
TID: [] [] [2025-01-23 22:11:35,121] []  INFO {org.wso2.carbon.webapp.mgt.TomcatGenericWebappsDeployer} - Deployed webapp: StandardEngine[Catalina].StandardHost[localhost].StandardContext[/mex].File[/home/chostim/wso2/wso2is-7.0.0/repository/deployment/server/webapps/mex]
TID: [] [] [2025-01-23 22:11:35,153] []  INFO {org.apache.jasper.servlet.TldScanner} - At least one JAR was scanned for TLDs yet contained no TLDs. Enable debug logging for this logger for a complete list of JARs that were scanned but no TLDs were found in them. Skipping unneeded JARs during scanning can improve startup time and JSP compilation time.
TID: [] [] [2025-01-23 22:11:35,219] []  INFO {org.apache.cxf.endpoint.ServerImpl} - Setting the server's publish address to be /
TID: [] [] [2025-01-23 22:11:35,224] []  INFO {org.wso2.carbon.webapp.mgt.TomcatGenericWebappsDeployer} - Deployed webapp: StandardEngine[Catalina].StandardHost[localhost].StandardContext[/mexut].File[/home/chostim/wso2/wso2is-7.0.0/repository/deployment/server/webapps/mexut]
TID: [] [] [2025-01-23 22:11:35,255] []  INFO {org.apache.jasper.servlet.TldScanner} - At least one JAR was scanned for TLDs yet contained no TLDs. Enable debug logging for this logger for a complete list of JARs that were scanned but no TLDs were found in them. Skipping unneeded JARs during scanning can improve startup time and JSP compilation time.
TID: [] [] [2025-01-23 22:11:35,375] []  INFO {org.wso2.carbon.webapp.mgt.TomcatGenericWebappsDeployer} - Deployed webapp: StandardEngine[Catalina].StandardHost[localhost].StandardContext[/myaccount].File[/home/chostim/wso2/wso2is-7.0.0/repository/deployment/server/webapps/myaccount]
TID: [] [] [2025-01-23 22:11:35,481] []  INFO {org.apache.jasper.servlet.TldScanner} - At least one JAR was scanned for TLDs yet contained no TLDs. Enable debug logging for this logger for a complete list of JARs that were scanned but no TLDs were found in them. Skipping unneeded JARs during scanning can improve startup time and JSP compilation time.
TID: [] [] [2025-01-23 22:11:36,137] []  INFO {org.apache.cxf.endpoint.ServerImpl} - Setting the server's publish address to be /
TID: [] [] [2025-01-23 22:11:36,215] []  INFO {org.wso2.carbon.webapp.mgt.TomcatGenericWebappsDeployer} - Deployed webapp: StandardEngine[Catalina].StandardHost[localhost].StandardContext[/oauth2].File[/home/chostim/wso2/wso2is-7.0.0/repository/deployment/server/webapps/oauth2]
TID: [] [] [2025-01-23 22:11:36,351] []  INFO {org.apache.cxf.endpoint.ServerImpl} - Setting the server's publish address to be /Users
TID: [] [] [2025-01-23 22:11:36,354] []  INFO {org.apache.cxf.endpoint.ServerImpl} - Setting the server's publish address to be /o/Users
TID: [] [] [2025-01-23 22:11:36,389] []  INFO {org.apache.cxf.endpoint.ServerImpl} - Setting the server's publish address to be /Groups
TID: [] [] [2025-01-23 22:11:36,393] []  INFO {org.apache.cxf.endpoint.ServerImpl} - Setting the server's publish address to be /o/Groups
TID: [] [] [2025-01-23 22:11:36,396] []  INFO {org.apache.cxf.endpoint.ServerImpl} - Setting the server's publish address to be /Me
TID: [] [] [2025-01-23 22:11:36,399] []  INFO {org.apache.cxf.endpoint.ServerImpl} - Setting the server's publish address to be /ServiceProviderConfig
TID: [] [] [2025-01-23 22:11:36,401] []  INFO {org.apache.cxf.endpoint.ServerImpl} - Setting the server's publish address to be /ResourceTypes
TID: [] [] [2025-01-23 22:11:36,404] []  INFO {org.apache.cxf.endpoint.ServerImpl} - Setting the server's publish address to be /o/ResourceTypes
TID: [] [] [2025-01-23 22:11:36,407] []  INFO {org.apache.cxf.endpoint.ServerImpl} - Setting the server's publish address to be /Bulk
TID: [] [] [2025-01-23 22:11:36,409] []  INFO {org.apache.cxf.endpoint.ServerImpl} - Setting the server's publish address to be /o/Bulk
TID: [] [] [2025-01-23 22:11:36,412] []  INFO {org.apache.cxf.endpoint.ServerImpl} - Setting the server's publish address to be /Schemas
TID: [] [] [2025-01-23 22:11:36,416] []  INFO {org.apache.cxf.endpoint.ServerImpl} - Setting the server's publish address to be /o/Schemas
TID: [] [] [2025-01-23 22:11:36,419] []  INFO {org.apache.cxf.endpoint.ServerImpl} - Setting the server's publish address to be /Roles
TID: [] [] [2025-01-23 22:11:36,423] []  INFO {org.apache.cxf.endpoint.ServerImpl} - Setting the server's publish address to be /v2/Roles
TID: [] [] [2025-01-23 22:11:36,426] []  INFO {org.apache.cxf.endpoint.ServerImpl} - Setting the server's publish address to be /o/v2/Roles
TID: [] [] [2025-01-23 22:11:36,430] []  INFO {org.wso2.carbon.webapp.mgt.TomcatGenericWebappsDeployer} - Deployed webapp: StandardEngine[Catalina].StandardHost[localhost].StandardContext[/scim2].File[/home/chostim/wso2/wso2is-7.0.0/repository/deployment/server/webapps/scim2]
TID: [] [] [2025-01-23 22:11:36,474] []  INFO {org.apache.jasper.servlet.TldScanner} - At least one JAR was scanned for TLDs yet contained no TLDs. Enable debug logging for this logger for a complete list of JARs that were scanned but no TLDs were found in them. Skipping unneeded JARs during scanning can improve startup time and JSP compilation time.
TID: [] [] [2025-01-23 22:11:36,603] []  INFO {org.apache.cxf.endpoint.ServerImpl} - Setting the server's publish address to be /Users
TID: [] [] [2025-01-23 22:11:36,608] []  INFO {org.apache.cxf.endpoint.ServerImpl} - Setting the server's publish address to be /Groups
TID: [] [] [2025-01-23 22:11:36,611] []  INFO {org.apache.cxf.endpoint.ServerImpl} - Setting the server's publish address to be /Bulk
TID: [] [] [2025-01-23 22:11:36,616] []  INFO {org.wso2.carbon.webapp.mgt.TomcatGenericWebappsDeployer} - Deployed webapp: StandardEngine[Catalina].StandardHost[localhost].StandardContext[/wso2].File[/home/chostim/wso2/wso2is-7.0.0/repository/deployment/server/webapps/wso2]
TID: [] [] [2025-01-23 22:11:36,674] []  INFO {org.apache.jasper.servlet.TldScanner} - At least one JAR was scanned for TLDs yet contained no TLDs. Enable debug logging for this logger for a complete list of JARs that were scanned but no TLDs were found in them. Skipping unneeded JARs during scanning can improve startup time and JSP compilation time.
TID: [] [] [2025-01-23 22:11:36,678] []  INFO {org.wso2.carbon.webapp.mgt.TomcatGenericWebappsDeployer} - Deployed webapp: StandardEngine[Catalina].StandardHost[localhost].StandardContext[/x509certificateauthenticationendpoint].File[/home/chostim/wso2/wso2is-7.0.0/repository/deployment/server/webapps/x509certificateauthenticationendpoint]
TID: [] [] [2025-01-23 22:11:36,680] []  INFO {org.wso2.carbon.core.transports.http.HttpTransportListener} - HTTP port        : 9763
TID: [] [] [2025-01-23 22:11:36,680] []  INFO {org.wso2.carbon.core.transports.http.HttpsTransportListener} - HTTPS port       : 9443
TID: [] [] [2025-01-23 22:11:36,732] []  WARN {org.apache.tomcat.util.net.SSLUtilBase} - The trusted certificate with alias [wso2carbon] and DN [CN=localhost, OU=WSO2, O=WSO2, L=Santa Clara, ST=CA, C=US] is not valid due to [NotAfter: Tue Jan 07 04:59:37 ECT 2025]. Certificates signed by this trusted certificate WILL be accepted
TID: [] [] [2025-01-23 22:11:36,741] []  INFO {org.apache.tomcat.util.net.NioEndpoint.certificate} - Connector [https-jsse-nio-9443], TLS virtual host [_default_], certificate type [UNDEFINED] configured from keystore [/home/chostim/wso2/wso2is-7.0.0/repository/resources/security/wso2carbon.jks] using alias [wso2carbon] with trust store [/home/chostim/wso2/wso2is-7.0.0/repository/resources/security/client-truststore.jks]
TID: [] [] [2025-01-23 22:11:36,771] []  INFO {org.wso2.identity.apps.common.internal.AppsCommonServiceStartupObserver} - My Account URL : https://localhost:9443/myaccount
TID: [] [] [2025-01-23 22:11:36,772] []  INFO {org.wso2.identity.apps.common.internal.AppsCommonServiceStartupObserver} - Console URL : https://localhost:9443/console
TID: [] [] [2025-01-23 22:11:36,772] []  INFO {org.wso2.identity.apps.common.internal.AppsCommonServiceStartupObserver} - Identity apps common service component activated successfully.
TID: [] [] [2025-01-23 22:11:36,773] []  INFO {org.wso2.carbon.core.internal.StartupFinalizerServiceComponent} - Server           :  WSO2 Identity Server-7.0.0
TID: [] [] [2025-01-23 22:11:36,773] []  INFO {org.wso2.carbon.core.internal.StartupFinalizerServiceComponent} - WSO2 Carbon started in 38 sec
TID: [] [] [2025-01-23 22:11:36,790] []  INFO {org.wso2.carbon.healthcheck.api.core.internal.HealthMonitorServiceComponent} - Carbon health monitoring service is activated..
TID: [] [] [2025-01-23 22:11:37,071] []  INFO {org.apache.jasper.servlet.TldScanner} - At least one JAR was scanned for TLDs yet contained no TLDs. Enable debug logging for this logger for a complete list of JARs that were scanned but no TLDs were found in them. Skipping unneeded JARs during scanning can improve startup time and JSP compilation time.
TID: [-1234] [] [2025-01-23 22:14:44,282] [bf80933c-7a13-449d-9ef6-4042aed14329]  WARN {org.wso2.carbon.identity.oidc.session.OIDCInboundSessionContextMgtListener} - No session state found for the received Session ID : 0a2ec214-3466-4a13-b09a-4a3f70725704
TID: [-1234] [] [2025-01-23 22:51:16,347] [97076f9e-5cea-4e1c-9bd6-fa7212875fa9]  INFO {org.wso2.carbon.identity.entitlement.policy.finder.CarbonPolicyFinder} - Initializing of policy store is started at :  Thu Jan 23 22:51:16 ECT 2025
TID: [-1234] [] [2025-01-23 22:51:16,364] [97076f9e-5cea-4e1c-9bd6-fa7212875fa9]  INFO {org.wso2.carbon.identity.entitlement.policy.store.DefaultPolicyDataStore} - Using Global policy combining algorithm that is defined in configuration file.
TID: [-1234] [] [2025-01-23 22:51:16,365] [97076f9e-5cea-4e1c-9bd6-fa7212875fa9]  INFO {org.wso2.carbon.identity.entitlement.policy.finder.CarbonPolicyFinder} - Start retrieving policies from org.wso2.carbon.identity.entitlement.policy.store.RegistryPolicyStoreManageModule@665b46bf at : Thu Jan 23 22:51:16 ECT 2025
TID: [-1234] [] [2025-01-23 22:51:16,367] [97076f9e-5cea-4e1c-9bd6-fa7212875fa9]  INFO {org.wso2.carbon.identity.entitlement.policy.finder.CarbonPolicyFinder} - Finish retrieving policies from org.wso2.carbon.identity.entitlement.policy.store.RegistryPolicyStoreManageModule@665b46bf at : Thu Jan 23 22:51:16 ECT 2025
TID: [-1234] [] [2025-01-23 22:51:16,367] [97076f9e-5cea-4e1c-9bd6-fa7212875fa9]  INFO {org.wso2.carbon.identity.entitlement.policy.finder.CarbonPolicyFinder} - Initializing of policy store is finished at :  Thu Jan 23 22:51:16 ECT 2025
TID: [-1234] [] [2025-01-23 22:51:16,402] [97076f9e-5cea-4e1c-9bd6-fa7212875fa9]  INFO {org.wso2.carbon.identity.entitlement.policy.finder.CarbonPolicyFinder} - Initializing of policy store is started at :  Thu Jan 23 22:51:16 ECT 2025
TID: [-1234] [] [2025-01-23 22:51:16,403] [97076f9e-5cea-4e1c-9bd6-fa7212875fa9]  INFO {org.wso2.carbon.identity.entitlement.policy.store.DefaultPolicyDataStore} - Using Global policy combining algorithm that is defined in configuration file.
TID: [-1234] [] [2025-01-23 22:51:16,403] [97076f9e-5cea-4e1c-9bd6-fa7212875fa9]  INFO {org.wso2.carbon.identity.entitlement.policy.finder.CarbonPolicyFinder} - Start retrieving policies from org.wso2.carbon.identity.entitlement.policy.store.RegistryPolicyStoreManageModule@665b46bf at : Thu Jan 23 22:51:16 ECT 2025
TID: [-1234] [] [2025-01-23 22:51:16,404] [97076f9e-5cea-4e1c-9bd6-fa7212875fa9]  INFO {org.wso2.carbon.identity.entitlement.policy.finder.CarbonPolicyFinder} - Finish retrieving policies from org.wso2.carbon.identity.entitlement.policy.store.RegistryPolicyStoreManageModule@665b46bf at : Thu Jan 23 22:51:16 ECT 2025
TID: [-1234] [] [2025-01-23 22:51:16,404] [97076f9e-5cea-4e1c-9bd6-fa7212875fa9]  INFO {org.wso2.carbon.identity.entitlement.policy.finder.CarbonPolicyFinder} - Initializing of policy store is finished at :  Thu Jan 23 22:51:16 ECT 2025
TID: [-1234] [] [2025-01-23 23:13:46,405] [a00db742-ac29-41bd-b770-b6066c5b45d8]  INFO {org.opensaml.core.config.InitializationService} - Initializing OpenSAML using the Java Services API
