TID: [] [] [2025-01-24 00:14:57,230] []  INFO {org.wso2.carbon.core.init.CarbonServerManager} - Shutdown hook triggered....
TID: [] [] [2025-01-24 00:14:57,236] []  INFO {org.wso2.carbon.core.init.CarbonServerManager} - Gracefully shutting down WSO2 Identity Server...
TID: [] [] [2025-01-24 00:14:57,237] []  INFO {org.wso2.carbon.core.ServerManagement} - Starting to switch to maintenance mode...
TID: [] [] [2025-01-24 00:14:57,237] []  INFO {org.wso2.carbon.core.ServerManagement} - Stopped all transport listeners
TID: [] [] [2025-01-24 00:14:57,238] []  INFO {org.wso2.carbon.core.ServerManagement} - Waiting for request service completion...
TID: [] [] [2025-01-24 00:14:57,240] []  INFO {org.wso2.carbon.core.ServerManagement} - All requests have been served.
TID: [] [] [2025-01-24 00:14:57,241] []  INFO {org.wso2.carbon.core.ServerManagement} - Waiting for deployment completion...
TID: [] [] [2025-01-24 00:14:57,283] []  INFO {org.wso2.carbon.webapp.mgt.WebApplication} - Unloaded webapp: StandardEngine[Catalina].StandardHost[localhost].StandardContext[/accountrecoveryendpoint]
TID: [] [] [2025-01-24 00:14:57,289] []  INFO {org.wso2.carbon.webapp.mgt.WebApplication} - Unloaded webapp: StandardEngine[Catalina].StandardHost[localhost].StandardContext[/x509certificateauthenticationendpoint]
TID: [] [] [2025-01-24 00:14:57,296] []  INFO {org.wso2.carbon.webapp.mgt.WebApplication} - Unloaded webapp: StandardEngine[Catalina].StandardHost[localhost].StandardContext[/myaccount]
TID: [] [] [2025-01-24 00:14:57,306] []  INFO {org.wso2.carbon.webapp.mgt.WebApplication} - Unloaded webapp: StandardEngine[Catalina].StandardHost[localhost].StandardContext[/api/health-check/v1.0]
TID: [] [] [2025-01-24 00:14:57,318] []  INFO {org.wso2.carbon.webapp.mgt.WebApplication} - Unloaded webapp: StandardEngine[Catalina].StandardHost[localhost].StandardContext[/authenticationendpoint]
TID: [] [] [2025-01-24 00:14:57,324] []  INFO {org.wso2.carbon.webapp.mgt.WebApplication} - Unloaded webapp: StandardEngine[Catalina].StandardHost[localhost].StandardContext[/mexut]
TID: [] [] [2025-01-24 00:14:57,335] []  INFO {org.wso2.carbon.webapp.mgt.WebApplication} - Unloaded webapp: StandardEngine[Catalina].StandardHost[localhost].StandardContext[/oauth2]
TID: [] [] [2025-01-24 00:14:57,342] []  INFO {org.wso2.carbon.webapp.mgt.WebApplication} - Unloaded webapp: StandardEngine[Catalina].StandardHost[localhost].StandardContext[/console]
TID: [] [] [2025-01-24 00:14:57,349] []  INFO {org.wso2.carbon.webapp.mgt.WebApplication} - Unloaded webapp: StandardEngine[Catalina].StandardHost[localhost].StandardContext[/scim2]
TID: [] [] [2025-01-24 00:14:57,369] []  INFO {org.wso2.carbon.webapp.mgt.WebApplication} - Unloaded webapp: StandardEngine[Catalina].StandardHost[localhost].StandardContext[/api]
TID: [] [] [2025-01-24 00:14:57,374] []  INFO {org.wso2.carbon.webapp.mgt.WebApplication} - Unloaded webapp: StandardEngine[Catalina].StandardHost[localhost].StandardContext[/mex]
TID: [] [] [2025-01-24 00:14:57,380] []  INFO {org.wso2.carbon.webapp.mgt.WebApplication} - Unloaded webapp: StandardEngine[Catalina].StandardHost[localhost].StandardContext[/wso2]
TID: [] [] [2025-01-24 00:14:57,380] []  INFO {org.wso2.carbon.core.ServerManagement} - All deployment tasks have been completed.
TID: [] [] [2025-01-24 00:14:57,380] []  INFO {org.wso2.carbon.core.ServerManagement} - Waiting for server task completion...
TID: [] [] [2025-01-24 00:14:57,380] []  INFO {org.wso2.carbon.core.ServerManagement} - All server tasks have been completed.
TID: [] [] [2025-01-24 00:14:57,381] []  INFO {org.wso2.carbon.core.init.CarbonServerManager} - Shutting down WSO2 Identity Server...
TID: [] [] [2025-01-24 00:14:57,381] []  INFO {org.wso2.carbon.core.init.CarbonServerManager} - Shutting down OSGi framework...
TID: [] [] [2025-01-24 00:14:57,392] []  INFO {org.wso2.carbon.core.init.CarbonServerManager} - Stopping CarbonServerManager...
TID: [] [] [2025-01-24 00:14:57,392] []  INFO {org.apache.axis2.transport.mail.MailTransportSender} - MAILTO Sender Shutdown
TID: [] [] [2025-01-24 00:14:57,489] []  INFO {org.wso2.carbon.tomcat.ext.internal.CarbonTomcatServiceComponent} - Stopping the carbon web-app registered under : /
TID: [] [] [2025-01-24 00:14:57,629] []  INFO {org.wso2.carbon.event.publisher.core.EventPublisherDeployer} - Event Publisher undeployed successfully : IsAnalytics-Publisher-wso2event-SessionData.xml
TID: [] [] [2025-01-24 00:14:57,630] []  INFO {org.wso2.carbon.event.publisher.core.EventPublisherDeployer} - Event Publisher deployment held back and in inactive state : IsAnalytics-Publisher-wso2event-SessionData.xml, waiting for Output Event Adapter dependency : logger
TID: [] [] [2025-01-24 00:14:57,630] []  INFO {org.wso2.carbon.event.publisher.core.internal.CarbonEventPublisherService} - Event publisher : IsAnalytics-Publisher-wso2event-SessionData  is in inactive state because dependency could not be found : logger
TID: [] [] [2025-01-24 00:14:57,630] []  INFO {org.wso2.carbon.event.publisher.core.EventPublisherDeployer} - Event Publisher undeployed successfully : IsAnalytics-Publisher-wso2event-AuthenticationData.xml
TID: [] [] [2025-01-24 00:14:57,630] []  INFO {org.wso2.carbon.event.publisher.core.EventPublisherDeployer} - Event Publisher deployment held back and in inactive state : IsAnalytics-Publisher-wso2event-AuthenticationData.xml, waiting for Output Event Adapter dependency : logger
TID: [] [] [2025-01-24 00:14:57,630] []  INFO {org.wso2.carbon.event.publisher.core.internal.CarbonEventPublisherService} - Event publisher : IsAnalytics-Publisher-wso2event-AuthenticationData  is in inactive state because dependency could not be found : logger
TID: [] [] [2025-01-24 00:14:57,631] []  INFO {org.wso2.carbon.event.publisher.core.EventPublisherDeployer} - Event Publisher undeployed successfully : IsAnalytics-Publisher-wso2event-AuthenticationData-1.1.0.xml
TID: [] [] [2025-01-24 00:14:57,631] []  INFO {org.wso2.carbon.event.publisher.core.EventPublisherDeployer} - Event Publisher deployment held back and in inactive state : IsAnalytics-Publisher-wso2event-AuthenticationData-1.1.0.xml, waiting for Output Event Adapter dependency : wso2event
TID: [] [] [2025-01-24 00:14:57,631] []  INFO {org.wso2.carbon.event.publisher.core.internal.CarbonEventPublisherService} - Event publisher : IsAnalytics-Publisher-wso2event-AuthenticationData-1.1.0  is in inactive state because dependency could not be found : wso2event
TID: [] [] [2025-01-24 00:14:57,631] []  INFO {org.wso2.carbon.event.publisher.core.EventPublisherDeployer} - Event Publisher undeployed successfully : IsAnalytics-Publisher-wso2event-UserData.xml
TID: [] [] [2025-01-24 00:14:57,632] []  INFO {org.wso2.carbon.event.publisher.core.EventPublisherDeployer} - Event Publisher deployment held back and in inactive state : IsAnalytics-Publisher-wso2event-UserData.xml, waiting for Output Event Adapter dependency : wso2event
TID: [] [] [2025-01-24 00:14:57,632] []  INFO {org.wso2.carbon.event.publisher.core.internal.CarbonEventPublisherService} - Event publisher : IsAnalytics-Publisher-wso2event-UserData  is in inactive state because dependency could not be found : wso2event
TID: [] [] [2025-01-24 00:14:57,632] []  INFO {org.wso2.carbon.event.publisher.core.EventPublisherDeployer} - Event Publisher undeployed successfully : IsAnalytics-Publisher-wso2event-OauthTokenIssueRefresh.xml
TID: [] [] [2025-01-24 00:14:57,632] []  INFO {org.wso2.carbon.event.publisher.core.EventPublisherDeployer} - Event Publisher deployment held back and in inactive state : IsAnalytics-Publisher-wso2event-OauthTokenIssueRefresh.xml, waiting for Output Event Adapter dependency : wso2event
TID: [] [] [2025-01-24 00:14:57,632] []  INFO {org.wso2.carbon.event.publisher.core.internal.CarbonEventPublisherService} - Event publisher : IsAnalytics-Publisher-wso2event-OauthTokenIssueRefresh  is in inactive state because dependency could not be found : wso2event
TID: [] [] [2025-01-24 00:14:57,632] []  INFO {org.wso2.carbon.event.publisher.core.EventPublisherDeployer} - Event Publisher undeployed successfully : IsAnalytics-Publisher-wso2event-OauthTokenValidation.xml
TID: [] [] [2025-01-24 00:14:57,633] []  INFO {org.wso2.carbon.event.publisher.core.EventPublisherDeployer} - Event Publisher deployment held back and in inactive state : IsAnalytics-Publisher-wso2event-OauthTokenValidation.xml, waiting for Output Event Adapter dependency : wso2event
TID: [] [] [2025-01-24 00:14:57,633] []  INFO {org.wso2.carbon.event.publisher.core.internal.CarbonEventPublisherService} - Event publisher : IsAnalytics-Publisher-wso2event-OauthTokenValidation  is in inactive state because dependency could not be found : wso2event
TID: [] [] [2025-01-24 00:14:57,633] []  INFO {org.wso2.carbon.event.publisher.core.EventPublisherDeployer} - Event Publisher undeployed successfully : IsAnalytics-Publisher-wso2event-OauthTokenRevocation.xml
TID: [] [] [2025-01-24 00:14:57,633] []  INFO {org.wso2.carbon.event.publisher.core.EventPublisherDeployer} - Event Publisher deployment held back and in inactive state : IsAnalytics-Publisher-wso2event-OauthTokenRevocation.xml, waiting for Output Event Adapter dependency : wso2event
TID: [] [] [2025-01-24 00:14:57,634] []  INFO {org.wso2.carbon.event.publisher.core.internal.CarbonEventPublisherService} - Event publisher : IsAnalytics-Publisher-wso2event-OauthTokenRevocation  is in inactive state because dependency could not be found : wso2event
TID: [] [] [2025-01-24 00:14:57,634] []  INFO {org.wso2.carbon.event.publisher.core.EventPublisherDeployer} - Event Publisher undeployed successfully : IsAnalytics-Publisher-wso2event-RoleData.xml
TID: [] [] [2025-01-24 00:14:57,634] []  INFO {org.wso2.carbon.event.publisher.core.EventPublisherDeployer} - Event Publisher deployment held back and in inactive state : IsAnalytics-Publisher-wso2event-RoleData.xml, waiting for Output Event Adapter dependency : wso2event
TID: [] [] [2025-01-24 00:14:57,634] []  INFO {org.wso2.carbon.event.publisher.core.internal.CarbonEventPublisherService} - Event publisher : IsAnalytics-Publisher-wso2event-RoleData  is in inactive state because dependency could not be found : wso2event
TID: [] [] [2025-01-24 00:14:57,634] []  INFO {org.wso2.carbon.event.publisher.core.EventPublisherDeployer} - Event Publisher undeployed successfully : SMSPublisher.xml
TID: [] [] [2025-01-24 00:14:57,635] []  INFO {org.wso2.carbon.event.publisher.core.EventPublisherDeployer} - Event Publisher deployment held back and in inactive state : SMSPublisher.xml, waiting for Output Event Adapter dependency : http
TID: [] [] [2025-01-24 00:14:57,635] []  INFO {org.wso2.carbon.event.publisher.core.internal.CarbonEventPublisherService} - Event publisher : SMSPublisher  is in inactive state because dependency could not be found : http
TID: [] [] [2025-01-24 00:14:57,635] []  INFO {org.wso2.carbon.event.publisher.core.EventPublisherDeployer} - Event Publisher undeployed successfully : EmailPublisher.xml
TID: [] [] [2025-01-24 00:14:57,635] []  INFO {org.wso2.carbon.event.publisher.core.EventPublisherDeployer} - Event Publisher deployment held back and in inactive state : EmailPublisher.xml, waiting for Output Event Adapter dependency : email
TID: [] [] [2025-01-24 00:14:57,635] []  INFO {org.wso2.carbon.event.publisher.core.internal.CarbonEventPublisherService} - Event publisher : EmailPublisher  is in inactive state because dependency could not be found : email
TID: [-1234] [] [2025-01-24 0:14:57,905]  INFO {org.wso2.carbon.core.init.CarbonServerManager} - Shutdown complete 
TID: [-1234] [] [2025-01-24 0:14:57,905]  INFO {org.wso2.carbon.core.init.CarbonServerManager} - Halting JVM 
